C:\USERS\LAI\DESKTOP\G96X\CHECKBOXX\DEBUG\CHECKBOX.OBJ
C:\USERS\LAI\DESKTOP\G96X\CHECKBOXX\DEBUG\GZSSTREAM.OBJ
C:\USERS\LAI\DESKTOP\G96X\CHECKBOXX\DEBUG\VC110.PDB
C:\USERS\LAI\DESKTOP\G96X\DEBUG\CHECKBOXX.ILK
C:\USERS\LAI\DESKTOP\G96X\DEBUG\CHECKBOXX.EXE
C:\USERS\LAI\DESKTOP\G96X\DEBUG\CHECKBOXX.PDB
C:\Users\lai\Desktop\g96x\checkboxX\Debug\checkbox.obj
C:\Users\lai\Desktop\g96x\checkboxX\Debug\gzsstream.obj
C:\Users\lai\Desktop\g96x\checkboxX\Debug\cl.command.1.tlog
C:\Users\lai\Desktop\g96x\checkboxX\Debug\CL.read.1.tlog
C:\Users\lai\Desktop\g96x\checkboxX\Debug\CL.write.1.tlog
C:\Users\lai\Desktop\g96x\checkboxX\Debug\link-cvtres.read.1.tlog
C:\Users\lai\Desktop\g96x\checkboxX\Debug\link-cvtres.write.1.tlog
C:\Users\lai\Desktop\g96x\checkboxX\Debug\link-rc.read.1.tlog
C:\Users\lai\Desktop\g96x\checkboxX\Debug\link-rc.write.1.tlog
C:\Users\lai\Desktop\g96x\checkboxX\Debug\link.command.1.tlog
C:\Users\lai\Desktop\g96x\checkboxX\Debug\link.read.1.tlog
C:\Users\lai\Desktop\g96x\checkboxX\Debug\link.write.1.tlog
C:\Users\lai\Desktop\g96x\checkboxX\Debug\vc110.idb
C:\Users\lai\Desktop\g96x\checkboxX\Debug\vc110.pdb
C:\Users\lai\Desktop\g96x\Debug\checkboxX.pdb
C:\Users\lai\Desktop\g96x\Debug\checkboxX.exe
C:\Users\lai\Desktop\g96x\Debug\checkboxX.ilk
