Build started 24/08/2013 17:19:07.
     1>Project "C:\Users\lai\Desktop\g96x\frameoutX\frameoutX.vcxproj" on node 2 (Rebuild target(s)).
     1>ClCompile:
         C:\Program Files (x86)\Microsoft Visual Studio 11.0\VC\bin\CL.exe /c /I"..\cpp_libs\zlib-1.2.5\dll32" /I..\cpp_libs\eigen /I..\cpp_libs\libxml\include /ZI /nologo /W3 /WX- /Od /Oy- /D WIN32 /D _DEBUG /D _CONSOLE /D _UNICODE /D UNICODE /Gm /EHsc /RTC1 /MDd /GS /fp:precise /Zc:wchar_t /Zc:forScope /Fo"Debug\\" /Fd"Debug\vc110.pdb" /Gd /TP /analyze- /errorReport:prompt FrameGeometry.cpp frameoutX.cpp Gather.cpp gzstream.cpp InputParameters.cpp SearchGrid.cpp
         SearchGrid.cpp
         InputParameters.cpp
     1>c:\users\lai\desktop\g96x\frameoutx\gzstream.h(85): warning C4800: 'int' : forcing value to bool 'true' or 'false' (performance warning)
     1>c:\users\lai\desktop\g96x\frameoutx\gzstream.h(104): warning C4250: 'gz::igzstream' : inherits 'std::basic_istream<_Elem,_Traits>::std::basic_istream<_Elem,_Traits>::_Add_vtordisp1' via dominance
                 with
                 [
                     _Elem=char,
                     _Traits=std::char_traits<char>
                 ]
                 c:\program files (x86)\microsoft visual studio 11.0\vc\include\istream(74) : see declaration of 'std::basic_istream<_Elem,_Traits>::_Add_vtordisp1'
                 with
                 [
                     _Elem=char,
                     _Traits=std::char_traits<char>
                 ]
     1>c:\users\lai\desktop\g96x\frameoutx\gzstream.h(115): warning C4250: 'gz::ogzstream' : inherits 'std::basic_ostream<_Elem,_Traits>::std::basic_ostream<_Elem,_Traits>::_Add_vtordisp2' via dominance
                 with
                 [
                     _Elem=char,
                     _Traits=std::char_traits<char>
                 ]
                 c:\program files (x86)\microsoft visual studio 11.0\vc\include\ostream(90) : see declaration of 'std::basic_ostream<_Elem,_Traits>::_Add_vtordisp2'
                 with
                 [
                     _Elem=char,
                     _Traits=std::char_traits<char>
                 ]
     1>c:\users\lai\desktop\g96x\frameoutx\inputparameters.cpp(100): warning C4800: 'int' : forcing value to bool 'true' or 'false' (performance warning)
         gzstream.cpp
     1>c:\users\lai\desktop\g96x\frameoutx\gzstream.h(85): warning C4800: 'int' : forcing value to bool 'true' or 'false' (performance warning)
     1>c:\users\lai\desktop\g96x\frameoutx\gzstream.h(104): warning C4250: 'gz::igzstream' : inherits 'std::basic_istream<_Elem,_Traits>::std::basic_istream<_Elem,_Traits>::_Add_vtordisp1' via dominance
                 with
                 [
                     _Elem=char,
                     _Traits=std::char_traits<char>
                 ]
                 c:\program files (x86)\microsoft visual studio 11.0\vc\include\istream(74) : see declaration of 'std::basic_istream<_Elem,_Traits>::_Add_vtordisp1'
                 with
                 [
                     _Elem=char,
                     _Traits=std::char_traits<char>
                 ]
     1>c:\users\lai\desktop\g96x\frameoutx\gzstream.h(115): warning C4250: 'gz::ogzstream' : inherits 'std::basic_ostream<_Elem,_Traits>::std::basic_ostream<_Elem,_Traits>::_Add_vtordisp2' via dominance
                 with
                 [
                     _Elem=char,
                     _Traits=std::char_traits<char>
                 ]
                 c:\program files (x86)\microsoft visual studio 11.0\vc\include\ostream(90) : see declaration of 'std::basic_ostream<_Elem,_Traits>::_Add_vtordisp2'
                 with
                 [
                     _Elem=char,
                     _Traits=std::char_traits<char>
                 ]
         Gather.cpp
         frameoutX.cpp
     1>c:\users\lai\desktop\g96x\frameoutx\gzstream.h(85): warning C4800: 'int' : forcing value to bool 'true' or 'false' (performance warning)
     1>c:\users\lai\desktop\g96x\frameoutx\gzstream.h(104): warning C4250: 'gz::igzstream' : inherits 'std::basic_istream<_Elem,_Traits>::std::basic_istream<_Elem,_Traits>::_Add_vtordisp1' via dominance
                 with
                 [
                     _Elem=char,
                     _Traits=std::char_traits<char>
                 ]
                 c:\program files (x86)\microsoft visual studio 11.0\vc\include\istream(74) : see declaration of 'std::basic_istream<_Elem,_Traits>::_Add_vtordisp1'
                 with
                 [
                     _Elem=char,
                     _Traits=std::char_traits<char>
                 ]
     1>c:\users\lai\desktop\g96x\frameoutx\gzstream.h(115): warning C4250: 'gz::ogzstream' : inherits 'std::basic_ostream<_Elem,_Traits>::std::basic_ostream<_Elem,_Traits>::_Add_vtordisp2' via dominance
                 with
                 [
                     _Elem=char,
                     _Traits=std::char_traits<char>
                 ]
                 c:\program files (x86)\microsoft visual studio 11.0\vc\include\ostream(90) : see declaration of 'std::basic_ostream<_Elem,_Traits>::_Add_vtordisp2'
                 with
                 [
                     _Elem=char,
                     _Traits=std::char_traits<char>
                 ]
     1>c:\users\lai\desktop\g96x\frameoutx\frameoutx.cpp(741): warning C4018: '<' : signed/unsigned mismatch
         FrameGeometry.cpp
     1>c:\users\lai\desktop\g96x\frameoutx\gzstream.h(85): warning C4800: 'int' : forcing value to bool 'true' or 'false' (performance warning)
     1>c:\users\lai\desktop\g96x\frameoutx\gzstream.h(104): warning C4250: 'gz::igzstream' : inherits 'std::basic_istream<_Elem,_Traits>::std::basic_istream<_Elem,_Traits>::_Add_vtordisp1' via dominance
                 with
                 [
                     _Elem=char,
                     _Traits=std::char_traits<char>
                 ]
                 c:\program files (x86)\microsoft visual studio 11.0\vc\include\istream(74) : see declaration of 'std::basic_istream<_Elem,_Traits>::_Add_vtordisp1'
                 with
                 [
                     _Elem=char,
                     _Traits=std::char_traits<char>
                 ]
     1>c:\users\lai\desktop\g96x\frameoutx\gzstream.h(115): warning C4250: 'gz::ogzstream' : inherits 'std::basic_ostream<_Elem,_Traits>::std::basic_ostream<_Elem,_Traits>::_Add_vtordisp2' via dominance
                 with
                 [
                     _Elem=char,
                     _Traits=std::char_traits<char>
                 ]
                 c:\program files (x86)\microsoft visual studio 11.0\vc\include\ostream(90) : see declaration of 'std::basic_ostream<_Elem,_Traits>::_Add_vtordisp2'
                 with
                 [
                     _Elem=char,
                     _Traits=std::char_traits<char>
                 ]
         Generating Code...
       Link:
         C:\Program Files (x86)\Microsoft Visual Studio 11.0\VC\bin\link.exe /ERRORREPORT:PROMPT /OUT:"C:\Users\lai\Desktop\g96x\Debug\frameoutX.exe" /INCREMENTAL /NOLOGO ..\cpp_libs\libxml\lib\iconv.lib ..\cpp_libs\libxml\lib\iconv_a.lib ..\cpp_libs\libxml\lib\libeay32.lib ..\cpp_libs\libxml\lib\libeay32_a.lib ..\cpp_libs\libxml\lib\libexslt.lib ..\cpp_libs\libxml\lib\libexslt_a.lib ..\cpp_libs\libxml\lib\libxml2.lib ..\cpp_libs\libxml\lib\libxml2_a.lib ..\cpp_libs\libxml\lib\libxml2_a_dll.lib "..\cpp_libs\libxml\lib\libxmlsec-mscrypto.lib" "..\cpp_libs\libxml\lib\libxmlsec-mscrypto_a.lib" "..\cpp_libs\libxml\lib\libxmlsec-openssl.lib" "..\cpp_libs\libxml\lib\libxmlsec-openssl_a.lib" ..\cpp_libs\libxml\lib\libxmlsec.lib ..\cpp_libs\libxml\lib\libxmlsec_a.lib ..\cpp_libs\libxml\lib\libxslt.lib ..\cpp_libs\libxml\lib\libxslt_a.lib ..\cpp_libs\libxml\lib\ssleay32.lib ..\cpp_libs\libxml\lib\ssleay32_a.lib "..\cpp_libs\zlib-1.2.5\dll32\zlibwapi.lib" kernel32.lib user32.lib gdi32.lib winspool.lib comdlg32.lib advapi32.lib shell32.lib ole32.lib oleaut32.lib uuid.lib odbc32.lib odbccp32.lib /MANIFEST /MANIFESTUAC:"level='asInvoker' uiAccess='false'" /manifest:embed /DEBUG /PDB:"C:\Users\lai\Desktop\g96x\Debug\frameoutX.pdb" /SUBSYSTEM:CONSOLE /TLBID:1 /DYNAMICBASE /NXCOMPAT /IMPLIB:"C:\Users\lai\Desktop\g96x\Debug\frameoutX.lib" /MACHINE:X86 Debug\FrameGeometry.obj
         Debug\frameoutX.obj
         Debug\Gather.obj
         Debug\gzstream.obj
         Debug\InputParameters.obj
         Debug\SearchGrid.obj
         frameoutX.vcxproj -> C:\Users\lai\Desktop\g96x\Debug\frameoutX.exe
     1>Done Building Project "C:\Users\lai\Desktop\g96x\frameoutX\frameoutX.vcxproj" (Rebuild target(s)).

Build succeeded.

Time Elapsed 00:00:25.67
