C:\USERS\LAI\DESKTOP\G96X\FRAMEOUTX\DEBUG\FRAMEOUT.OBJ
C:\USERS\LAI\DESKTOP\G96X\FRAMEOUTX\DEBUG\GZSTREAM.OBJ
C:\USERS\LAI\DESKTOP\G96X\FRAMEOUTX\DEBUG\VC110.PDB
C:\USERS\LAI\DESKTOP\G96X\DEBUG\FRAMEOUTX.ILK
C:\USERS\LAI\DESKTOP\G96X\DEBUG\FRAMEOUTX.EXE
C:\USERS\LAI\DESKTOP\G96X\DEBUG\FRAMEOUTX.PDB
C:\Users\lai\Desktop\g96x\frameoutX\Debug\frameout.obj
C:\Users\lai\Desktop\g96x\frameoutX\Debug\gzstream.obj
C:\Users\lai\Desktop\g96x\frameoutX\Debug\cl.command.1.tlog
C:\Users\lai\Desktop\g96x\frameoutX\Debug\CL.read.1.tlog
C:\Users\lai\Desktop\g96x\frameoutX\Debug\CL.write.1.tlog
C:\Users\lai\Desktop\g96x\frameoutX\Debug\link-cvtres.read.1.tlog
C:\Users\lai\Desktop\g96x\frameoutX\Debug\link-cvtres.write.1.tlog
C:\Users\lai\Desktop\g96x\frameoutX\Debug\link-rc.read.1.tlog
C:\Users\lai\Desktop\g96x\frameoutX\Debug\link-rc.write.1.tlog
C:\Users\lai\Desktop\g96x\frameoutX\Debug\link.command.1.tlog
C:\Users\lai\Desktop\g96x\frameoutX\Debug\link.read.1.tlog
C:\Users\lai\Desktop\g96x\frameoutX\Debug\link.write.1.tlog
C:\Users\lai\Desktop\g96x\frameoutX\Debug\vc110.idb
C:\Users\lai\Desktop\g96x\frameoutX\Debug\vc110.pdb
C:\Users\lai\Desktop\g96x\Debug\frameoutX.pdb
C:\Users\lai\Desktop\g96x\Debug\frameoutX.exe
C:\Users\lai\Desktop\g96x\Debug\frameoutX.ilk
