C:\USERS\LAI\DESKTOP\G96X\TEMPLATE\DEBUG\GZSTREAM.OBJ
C:\USERS\LAI\DESKTOP\G96X\TEMPLATE\DEBUG\TEMPLATE.OBJ
C:\USERS\LAI\DESKTOP\G96X\TEMPLATE\DEBUG\VC110.PDB
C:\USERS\LAI\DESKTOP\G96X\DEBUG\TEMPLATE.ILK
C:\USERS\LAI\DESKTOP\G96X\DEBUG\TEMPLATE.EXE
C:\USERS\LAI\DESKTOP\G96X\DEBUG\TEMPLATE.PDB
C:\Users\lai\Desktop\g96x\template\Debug\gzstream.obj
C:\Users\lai\Desktop\g96x\template\Debug\template.obj
C:\Users\lai\Desktop\g96x\template\Debug\cl.command.1.tlog
C:\Users\lai\Desktop\g96x\template\Debug\CL.read.1.tlog
C:\Users\lai\Desktop\g96x\template\Debug\CL.write.1.tlog
C:\Users\lai\Desktop\g96x\template\Debug\link-cvtres.read.1.tlog
C:\Users\lai\Desktop\g96x\template\Debug\link-cvtres.write.1.tlog
C:\Users\lai\Desktop\g96x\template\Debug\link-rc.read.1.tlog
C:\Users\lai\Desktop\g96x\template\Debug\link-rc.write.1.tlog
C:\Users\lai\Desktop\g96x\template\Debug\link.command.1.tlog
C:\Users\lai\Desktop\g96x\template\Debug\link.read.1.tlog
C:\Users\lai\Desktop\g96x\template\Debug\link.write.1.tlog
C:\Users\lai\Desktop\g96x\template\Debug\vc110.idb
C:\Users\lai\Desktop\g96x\template\Debug\vc110.pdb
C:\Users\lai\Desktop\g96x\Debug\template.pdb
C:\Users\lai\Desktop\g96x\Debug\template.exe
C:\Users\lai\Desktop\g96x\Debug\template.ilk
